<?xml version="1.0" encoding="UTF-8"?>
<!-- Generated by org.testng.reporters.JUnitXMLReporter -->
<testsuite ignored="6" hostname="Ramis-MacBook-Pro.local" failures="2" tests="8" name="All Functionalities" time="69.883" errors="0" timestamp="2022-05-29T15:40:43 CDT">
  <testcase classname="scripts._01_AppleTest" name="testAppleURL" time="1.309"/>
  <testcase classname="scripts._03_EtsyTest" name="testMainHeader" time="2.81">
    <failure type="java.lang.AssertionError" message="The actual and expected do not match expected [Father&amp;apos;s Day Gifts] but found [Shop Home Sales!]">
      <![CDATA[java.lang.AssertionError: The actual and expected do not match expected [Father's Day Gifts] but found [Shop Home Sales!]
at scripts._03_EtsyTest.testMainHeader(_03_EtsyTest.java:85)
at java.base/java.util.ArrayList.forEach(ArrayList.java:1511)
... Removed 32 stack frames]]>
    </failure>
  </testcase> <!-- testMainHeader -->
  <testcase classname="scripts._04_GoogleTest" name="testGoogleStoreLink" time="4.162"/>
  <testcase classname="scripts._05_CheckBoxTest" name="testCheckBoxInHeroApp" time="6.076"/>
  <testcase classname="scripts._06_RadioButtonTest" name="testFacebookGenderRadioButtons" time="1.55"/>
  <testcase classname="scripts._07_DropdownTest" name="testUnsecurePasswordErrorMessage" time="3.805"/>
  <testcase classname="scripts._07_DropdownTest" name="testExpediaDropdowns" time="42.244">
    <failure type="org.openqa.selenium.ElementNotInteractableException" message="element not interactable
  (Session info: chrome=101.0.4951.64)
Build info: version: &amp;apos;3.141.59&amp;apos;, revision: &amp;apos;e82be7d358&amp;apos;, time: &amp;apos;2018-11-14T08:17:03&amp;apos;
System info: host: &amp;apos;Ramis-MacBook-Pro.local&amp;apos;, ip: &amp;apos;fe80:0:0:0:468:135a:2080:6030%en0&amp;apos;, os.name: &amp;apos;Mac OS X&amp;apos;, os.arch: &amp;apos;aarch64&amp;apos;, os.version: &amp;apos;12.4&amp;apos;, java.version: &amp;apos;18.0.1&amp;apos;
Driver info: org.openqa.selenium.chrome.ChromeDriver
Capabilities {acceptInsecureCerts: false, browserName: chrome, browserVersion: 101.0.4951.64, chrome: {chromedriverVersion: 101.0.4951.41 (93c720db8323..., userDataDir: /var/folders/__/q6bhzn9s4cj...}, goog:chromeOptions: {debuggerAddress: localhost:62064}, javascriptEnabled: true, networkConnectionEnabled: false, pageLoadStrategy: normal, platform: MAC, platformName: MAC, proxy: Proxy(), setWindowRect: true, strictFileInteractability: false, timeouts: {implicit: 0, pageLoad: 300000, script: 30000}, unhandledPromptBehavior: dismiss and notify, webauthn:extension:credBlob: true, webauthn:extension:largeBlob: true, webauthn:virtualAuthenticators: true}
Session ID: dae052a58d926ff086f2f06fd7b66b2c">
      <![CDATA[org.openqa.selenium.ElementNotInteractableException: element not interactable
  (Session info: chrome=101.0.4951.64)
Build info: version: '3.141.59', revision: 'e82be7d358', time: '2018-11-14T08:17:03'
System info: host: 'Ramis-MacBook-Pro.local', ip: 'fe80:0:0:0:468:135a:2080:6030%en0', os.name: 'Mac OS X', os.arch: 'aarch64', os.version: '12.4', java.version: '18.0.1'
Driver info: org.openqa.selenium.chrome.ChromeDriver
Capabilities {acceptInsecureCerts: false, browserName: chrome, browserVersion: 101.0.4951.64, chrome: {chromedriverVersion: 101.0.4951.41 (93c720db8323..., userDataDir: /var/folders/__/q6bhzn9s4cj...}, goog:chromeOptions: {debuggerAddress: localhost:62064}, javascriptEnabled: true, networkConnectionEnabled: false, pageLoadStrategy: normal, platform: MAC, platformName: MAC, proxy: Proxy(), setWindowRect: true, strictFileInteractability: false, timeouts: {implicit: 0, pageLoad: 300000, script: 30000}, unhandledPromptBehavior: dismiss and notify, webauthn:extension:credBlob: true, webauthn:extension:largeBlob: true, webauthn:virtualAuthenticators: true}
Session ID: dae052a58d926ff086f2f06fd7b66b2c
at org.openqa.selenium.remote.http.W3CHttpResponseCodec.createException(W3CHttpResponseCodec.java:187)
at org.openqa.selenium.remote.http.W3CHttpResponseCodec.decode(W3CHttpResponseCodec.java:122)
at org.openqa.selenium.remote.http.W3CHttpResponseCodec.decode(W3CHttpResponseCodec.java:49)
at org.openqa.selenium.remote.HttpCommandExecutor.execute(HttpCommandExecutor.java:158)
at org.openqa.selenium.remote.service.DriverCommandExecutor.execute(DriverCommandExecutor.java:83)
at org.openqa.selenium.remote.RemoteWebDriver.execute(RemoteWebDriver.java:552)
at org.openqa.selenium.remote.RemoteWebElement.execute(RemoteWebElement.java:285)
at org.openqa.selenium.remote.RemoteWebElement.click(RemoteWebElement.java:84)
at org.openqa.selenium.support.pagefactory.internal.LocatingElementHandler.invoke(LocatingElementHandler.java:51)
at jdk.proxy2/jdk.proxy2.$Proxy9.click(Unknown Source)
at scripts._07_DropdownTest.testExpediaDropdowns(_07_DropdownTest.java:75)
at java.base/java.util.ArrayList.forEach(ArrayList.java:1511)
... Removed 33 stack frames]]>
    </failure>
  </testcase> <!-- testExpediaDropdowns -->
  <testcase classname="scripts._07_DropdownTest" name="testEbayDropdown" time="0.0"/>
  <testcase classname="scripts._04_GoogleTest" name="testGoogleSearch" time="0.0">
    <ignored/>
  </testcase> <!-- testGoogleSearch -->
  <testcase classname="scripts._03_EtsyTest" name="testEtsySearchResult" time="0.0">
    <ignored/>
  </testcase> <!-- testEtsySearchResult -->
  <testcase classname="scripts._01_AppleTest" name="testAppleTitle" time="0.0">
    <ignored/>
  </testcase> <!-- testAppleTitle -->
  <testcase classname="scripts._03_EtsyTest" name="testEtsySearch" time="0.0">
    <ignored/>
  </testcase> <!-- testEtsySearch -->
  <testcase classname="scripts._01_AppleTest" name="X" time="0.0">
    <ignored/>
  </testcase> <!-- X -->
  <testcase classname="scripts._03_EtsyTest" name="testEtsyLogo" time="0.0">
    <ignored/>
  </testcase> <!-- testEtsyLogo -->
</testsuite> <!-- All Functionalities -->
