<!DOCTYPE html PUBLIC "-//W3C//DTD XHTML 1.1//EN" "http://www.w3.org/TR/xhtml11/DTD/xhtml11.dtd">
<html xmlns="http://www.w3.org/1999/xhtml">
<head>
<meta http-equiv="content-type" content="text/html; charset=UTF-8"/>
<title>TestNG Report</title>
<style type="text/css">table {margin-bottom:10px;border-collapse:collapse;empty-cells:show}th,td {border:1px solid #009;padding:.25em .5em}th {vertical-align:bottom}td {vertical-align:top}table a {font-weight:bold}.stripe td {background-color: #E6EBF9}.num {text-align:right}.passedodd td {background-color: #3F3}.passedeven td {background-color: #0A0}.skippedodd td {background-color: #DDD}.skippedeven td {background-color: #CCC}.failedodd td,.attn {background-color: #F33}.failedeven td,.stripe .attn {background-color: #D00}.stacktrace {white-space:pre;font-family:monospace}.totop {font-size:85%;text-align:center;border-bottom:2px solid #000}.invisible {display:none}</style>
</head>
<body>
<table>
<tr><th>Test</th><th># Passed</th><th># Skipped</th><th># Retried</th><th># Failed</th><th>Time (ms)</th><th>Included Groups</th><th>Excluded Groups</th></tr>
<tr><th colspan="8">Regression</th></tr>
<tr><td><a href="#t0">All Functionalities</a></td><td class="num">6</td><td class="num">0</td><td class="num">0</td><td class="num attn">2</td><td class="num">69,883</td><td></td><td></td></tr>
</table>
<table id='summary'><thead><tr><th>Class</th><th>Method</th><th>Start</th><th>Time (ms)</th></tr></thead><tbody><tr><th colspan="4">Regression</th></tr></tbody><tbody id="t0"><tr><th colspan="4">All Functionalities &#8212; failed</th></tr><tr class="failedeven"><td rowspan="1">scripts._03_EtsyTest</td><td><a href="#m0">testMainHeader</a></td><td rowspan="1">1653856777086</td><td rowspan="1">2810</td></tr><tr class="failedodd"><td rowspan="1">scripts._07_DropdownTest</td><td><a href="#m1">testExpediaDropdowns</a></td><td rowspan="1">1653856800133</td><td rowspan="1">42244</td></tr><tr><th colspan="4">All Functionalities &#8212; passed</th></tr><tr class="passedeven"><td rowspan="1">scripts._01_AppleTest</td><td><a href="#m2">testAppleURL</a></td><td rowspan="1">1653856774879</td><td rowspan="1">1309</td></tr><tr class="passedodd"><td rowspan="1">scripts._04_GoogleTest</td><td><a href="#m3">testGoogleStoreLink</a></td><td rowspan="1">1653856780861</td><td rowspan="1">4162</td></tr><tr class="passedeven"><td rowspan="1">scripts._05_CheckBoxTest</td><td><a href="#m4">testCheckBoxInHeroApp</a></td><td rowspan="1">1653856785999</td><td rowspan="1">6076</td></tr><tr class="passedodd"><td rowspan="1">scripts._06_RadioButtonTest</td><td><a href="#m5">testFacebookGenderRadioButtons</a></td><td rowspan="1">1653856792992</td><td rowspan="1">1550</td></tr><tr class="passedeven"><td rowspan="2">scripts._07_DropdownTest</td><td><a href="#m6">testEbayDropdown</a></td><td rowspan="1">1653856843411</td><td rowspan="1">0</td></tr><tr class="passedeven"><td><a href="#m7">testUnsecurePasswordErrorMessage</a></td><td rowspan="1">1653856795425</td><td rowspan="1">3805</td></tr></tbody>
</table>
<h2>All Functionalities</h2><h3 id="m0">scripts._03_EtsyTest#testMainHeader</h3><table class="result"><tr><th>Exception</th></tr><tr><td><div class="stacktrace">java.lang.AssertionError: The actual and expected do not match expected [Father&apos;s Day Gifts] but found [Shop Home Sales!]
	at scripts._03_EtsyTest.testMainHeader(_03_EtsyTest.java:85)
	at java.base/java.util.ArrayList.forEach(ArrayList.java:1511)
... Removed 32 stack frames</div></td></tr></table><p class="totop"><a href="#summary">back to summary</a></p>
<h3 id="m1">scripts._07_DropdownTest#testExpediaDropdowns</h3><table class="result"><tr><th>Exception</th></tr><tr><td><div class="stacktrace">org.openqa.selenium.ElementNotInteractableException: element not interactable
  (Session info: chrome=101.0.4951.64)
Build info: version: &apos;3.141.59&apos;, revision: &apos;e82be7d358&apos;, time: &apos;2018-11-14T08:17:03&apos;
System info: host: &apos;Ramis-MacBook-Pro.local&apos;, ip: &apos;fe80:0:0:0:468:135a:2080:6030%en0&apos;, os.name: &apos;Mac OS X&apos;, os.arch: &apos;aarch64&apos;, os.version: &apos;12.4&apos;, java.version: &apos;18.0.1&apos;
Driver info: org.openqa.selenium.chrome.ChromeDriver
Capabilities {acceptInsecureCerts: false, browserName: chrome, browserVersion: 101.0.4951.64, chrome: {chromedriverVersion: 101.0.4951.41 (93c720db8323..., userDataDir: /var/folders/__/q6bhzn9s4cj...}, goog:chromeOptions: {debuggerAddress: localhost:62064}, javascriptEnabled: true, networkConnectionEnabled: false, pageLoadStrategy: normal, platform: MAC, platformName: MAC, proxy: Proxy(), setWindowRect: true, strictFileInteractability: false, timeouts: {implicit: 0, pageLoad: 300000, script: 30000}, unhandledPromptBehavior: dismiss and notify, webauthn:extension:credBlob: true, webauthn:extension:largeBlob: true, webauthn:virtualAuthenticators: true}
Session ID: dae052a58d926ff086f2f06fd7b66b2c
	at org.openqa.selenium.remote.http.W3CHttpResponseCodec.createException(W3CHttpResponseCodec.java:187)
	at org.openqa.selenium.remote.http.W3CHttpResponseCodec.decode(W3CHttpResponseCodec.java:122)
	at org.openqa.selenium.remote.http.W3CHttpResponseCodec.decode(W3CHttpResponseCodec.java:49)
	at org.openqa.selenium.remote.HttpCommandExecutor.execute(HttpCommandExecutor.java:158)
	at org.openqa.selenium.remote.service.DriverCommandExecutor.execute(DriverCommandExecutor.java:83)
	at org.openqa.selenium.remote.RemoteWebDriver.execute(RemoteWebDriver.java:552)
	at org.openqa.selenium.remote.RemoteWebElement.execute(RemoteWebElement.java:285)
	at org.openqa.selenium.remote.RemoteWebElement.click(RemoteWebElement.java:84)
	at org.openqa.selenium.support.pagefactory.internal.LocatingElementHandler.invoke(LocatingElementHandler.java:51)
	at jdk.proxy2/jdk.proxy2.$Proxy9.click(Unknown Source)
	at scripts._07_DropdownTest.testExpediaDropdowns(_07_DropdownTest.java:75)
	at java.base/java.util.ArrayList.forEach(ArrayList.java:1511)
... Removed 33 stack frames</div></td></tr></table><p class="totop"><a href="#summary">back to summary</a></p>
<h3 id="m2">scripts._01_AppleTest#testAppleURL</h3><table class="result"><tr><th class="invisible"/></tr></table><p class="totop"><a href="#summary">back to summary</a></p>
<h3 id="m3">scripts._04_GoogleTest#testGoogleStoreLink</h3><table class="result"><tr><th class="invisible"/></tr></table><p class="totop"><a href="#summary">back to summary</a></p>
<h3 id="m4">scripts._05_CheckBoxTest#testCheckBoxInHeroApp</h3><table class="result"><tr><th class="invisible"/></tr></table><p class="totop"><a href="#summary">back to summary</a></p>
<h3 id="m5">scripts._06_RadioButtonTest#testFacebookGenderRadioButtons</h3><table class="result"><tr><th class="invisible"/></tr></table><p class="totop"><a href="#summary">back to summary</a></p>
<h3 id="m6">scripts._07_DropdownTest#testEbayDropdown</h3><table class="result"><tr><th class="invisible"/></tr></table><p class="totop"><a href="#summary">back to summary</a></p>
<h3 id="m7">scripts._07_DropdownTest#testUnsecurePasswordErrorMessage</h3><table class="result"><tr><th class="invisible"/></tr></table><p class="totop"><a href="#summary">back to summary</a></p>
</body>
</html>
